c:\users\yhr\desktop\project\mfc\mfcstart\mfcstart\x64\debug\mfcstart.pch
c:\users\yhr\desktop\project\mfc\mfcstart\mfcstart\x64\debug\vc143.pdb
c:\users\yhr\desktop\project\mfc\mfcstart\mfcstart\x64\debug\vc143.idb
c:\users\yhr\desktop\project\mfc\mfcstart\mfcstart\x64\debug\pch.obj
c:\users\yhr\desktop\project\mfc\mfcstart\x64\debug\mfcstart.exe
c:\users\yhr\desktop\project\mfc\mfcstart\x64\debug\mfcstart.pdb
c:\users\yhr\desktop\project\mfc\mfcstart\mfcstart\x64\debug\mfcstart.res
c:\users\yhr\desktop\project\mfc\mfcstart\mfcstart\x64\debug\mfcstart.ilk
c:\users\yhr\desktop\project\mfc\mfcstart\mfcstart\x64\debug\mfcstart.obj
c:\users\yhr\desktop\project\mfc\mfcstart\mfcstart\x64\debug\mfcstartdlg.obj
c:\users\yhr\desktop\project\mfc\mfcstart\mfcstart\x64\debug\mfcstart.tlog\cl.command.1.tlog
c:\users\yhr\desktop\project\mfc\mfcstart\mfcstart\x64\debug\mfcstart.tlog\cl.items.tlog
c:\users\yhr\desktop\project\mfc\mfcstart\mfcstart\x64\debug\mfcstart.tlog\cl.read.1.tlog
c:\users\yhr\desktop\project\mfc\mfcstart\mfcstart\x64\debug\mfcstart.tlog\cl.write.1.tlog
c:\users\yhr\desktop\project\mfc\mfcstart\mfcstart\x64\debug\mfcstart.tlog\link.command.1.tlog
c:\users\yhr\desktop\project\mfc\mfcstart\mfcstart\x64\debug\mfcstart.tlog\link.read.1.tlog
c:\users\yhr\desktop\project\mfc\mfcstart\mfcstart\x64\debug\mfcstart.tlog\link.secondary.1.tlog
c:\users\yhr\desktop\project\mfc\mfcstart\mfcstart\x64\debug\mfcstart.tlog\link.write.1.tlog
c:\users\yhr\desktop\project\mfc\mfcstart\mfcstart\x64\debug\mfcstart.tlog\rc.command.1.tlog
c:\users\yhr\desktop\project\mfc\mfcstart\mfcstart\x64\debug\mfcstart.tlog\rc.read.1.tlog
c:\users\yhr\desktop\project\mfc\mfcstart\mfcstart\x64\debug\mfcstart.tlog\rc.write.1.tlog
